<?xml version="1.0" encoding="UTF-8"?>
<!-- Generated by org.testng.reporters.JUnitXMLReporter -->
<testsuite ignored="0" hostname="DESKTOP-A7L5GQS" failures="0" tests="1" name="Test" time="19.176" errors="0" timestamp="03 Aug 2019 15:59:07 GMT">
  <testcase classname="com.runnerAmazon.GCRRunner" name="@AfterClass ExtendsReport" time="0.017">
    <failure type="java.lang.NoSuchMethodError" message="com.aventstack.extentreports.reporter.ExtentHtmlReporter.loadXMLConfig(Ljava/io/File;)V">
      <![CDATA[java.lang.NoSuchMethodError: com.aventstack.extentreports.reporter.ExtentHtmlReporter.loadXMLConfig(Ljava/io/File;)V
at com.cucumber.listener.Reporter.loadXMLConfig(Reporter.java:53)
at com.runnerAmazon.GCRRunner.ExtendsReport(GCRRunner.java:35)
... Removed 26 stack frames]]>
    </failure>
  </testcase> <!-- @AfterClass ExtendsReport -->
  <testcase classname="cucumber.api.testng.AbstractTestNGCucumberTests" name="feature" time="18.535"/>
</testsuite> <!-- Test -->
