<?xml version="1.0" encoding="UTF-8"?>
<testng-results ignored="0" total="1" passed="1" failed="0" skipped="0">
  <reporter-output>
  </reporter-output>
  <suite started-at="2019-08-03T16:00:40Z" name="Default suite" finished-at="2019-08-03T16:00:59Z" duration-ms="18239">
    <groups>
      <group name="cucumber">
        <method signature="AbstractTestNGCucumberTests.feature(cucumber.api.testng.CucumberFeatureWrapper)[pri:0, instance:com.runnerAmazon.GCRRunner@1a6d8329]" name="feature" class="cucumber.api.testng.AbstractTestNGCucumberTests"/>
      </group> <!-- cucumber -->
    </groups>
    <test started-at="2019-08-03T16:00:40Z" name="Default test" finished-at="2019-08-03T16:00:59Z" duration-ms="18239">
      <class name="com.runnerAmazon.GCRRunner">
        <test-method is-config="true" signature="setUpClass()[pri:0, instance:com.runnerAmazon.GCRRunner@1a6d8329]" started-at="2019-08-03T16:00:40Z" name="setUpClass" finished-at="2019-08-03T16:00:41Z" duration-ms="540" status="PASS">
          <reporter-output>
          </reporter-output>
        </test-method> <!-- setUpClass -->
        <test-method signature="feature(cucumber.api.testng.CucumberFeatureWrapper)[pri:0, instance:com.runnerAmazon.GCRRunner@1a6d8329]" started-at="2019-08-03T16:00:41Z" name="feature" description="Runs Cucumber Feature" data-provider="features" finished-at="2019-08-03T16:00:59Z" duration-ms="17400" status="PASS">
          <params>
            <param index="0">
              <value>
                <![CDATA[Login function validation]]>
              </value>
            </param>
          </params>
          <reporter-output>
          </reporter-output>
        </test-method> <!-- feature -->
        <test-method is-config="true" signature="tearDownClass()[pri:0, instance:com.runnerAmazon.GCRRunner@1a6d8329]" started-at="2019-08-03T16:00:59Z" name="tearDownClass" finished-at="2019-08-03T16:00:59Z" duration-ms="16" status="PASS">
          <reporter-output>
          </reporter-output>
        </test-method> <!-- tearDownClass -->
      </class> <!-- com.runnerAmazon.GCRRunner -->
    </test> <!-- Default test -->
  </suite> <!-- Default suite -->
</testng-results>
